<?xml version="1.0" encoding="UTF-8"?>
<testng-results ignored="0" total="1" passed="1" failed="0" skipped="0">
  <reporter-output>
  </reporter-output>
  <suite started-at="2025-11-03T01:08:29 IST" name="Surefire suite" finished-at="2025-11-03T01:08:49 IST" duration-ms="20858">
    <groups>
    </groups>
    <test started-at="2025-11-03T01:08:29 IST" name="Surefire test" finished-at="2025-11-03T01:08:49 IST" duration-ms="20858">
      <class name="com.example.AmazonSearchTest">
        <test-method is-config="true" signature="setUp()[pri:0, instance:com.example.AmazonSearchTest@72a7c7e0]" started-at="2025-11-03T01:08:29 IST" name="setUp" finished-at="2025-11-03T01:08:33 IST" duration-ms="4111" status="PASS">
          <reporter-output>
          </reporter-output>
        </test-method> <!-- setUp -->
        <test-method signature="searchForHeadphones()[pri:0, instance:com.example.AmazonSearchTest@72a7c7e0]" started-at="2025-11-03T01:08:33 IST" name="searchForHeadphones" finished-at="2025-11-03T01:08:49 IST" duration-ms="16340" status="PASS">
          <reporter-output>
          </reporter-output>
        </test-method> <!-- searchForHeadphones -->
        <test-method is-config="true" signature="tearDown()[pri:0, instance:com.example.AmazonSearchTest@72a7c7e0]" started-at="2025-11-03T01:08:49 IST" name="tearDown" finished-at="2025-11-03T01:08:49 IST" duration-ms="357" status="PASS">
          <reporter-output>
          </reporter-output>
        </test-method> <!-- tearDown -->
      </class> <!-- com.example.AmazonSearchTest -->
    </test> <!-- Surefire test -->
  </suite> <!-- Surefire suite -->
</testng-results>
